mode: atomic
github.com/containrrr/watchtower/pkg/notifications/notifier.go:12.48,17.16 4 1
github.com/containrrr/watchtower/pkg/notifications/notifier.go:21.2,23.33 2 1
github.com/containrrr/watchtower/pkg/notifications/notifier.go:27.2,33.84 5 1
github.com/containrrr/watchtower/pkg/notifications/notifier.go:17.16,19.3 1 0
github.com/containrrr/watchtower/pkg/notifications/notifier.go:23.33,25.3 1 0
github.com/containrrr/watchtower/pkg/notifications/notifier.go:37.67,41.16 2 8
github.com/containrrr/watchtower/pkg/notifications/notifier.go:45.2,45.26 1 8
github.com/containrrr/watchtower/pkg/notifications/notifier.go:75.2,75.13 1 8
github.com/containrrr/watchtower/pkg/notifications/notifier.go:41.16,43.3 1 0
github.com/containrrr/watchtower/pkg/notifications/notifier.go:45.26,50.12 3 8
github.com/containrrr/watchtower/pkg/notifications/notifier.go:67.3,68.17 2 7
github.com/containrrr/watchtower/pkg/notifications/notifier.go:71.3,73.87 2 7
github.com/containrrr/watchtower/pkg/notifications/notifier.go:51.18,52.57 1 2
github.com/containrrr/watchtower/pkg/notifications/notifier.go:53.18,54.57 1 3
github.com/containrrr/watchtower/pkg/notifications/notifier.go:55.20,56.59 1 1
github.com/containrrr/watchtower/pkg/notifications/notifier.go:57.19,58.58 1 1
github.com/containrrr/watchtower/pkg/notifications/notifier.go:59.21,60.12 1 1
github.com/containrrr/watchtower/pkg/notifications/notifier.go:61.11,64.12 2 0
github.com/containrrr/watchtower/pkg/notifications/notifier.go:68.17,70.4 1 0
github.com/containrrr/watchtower/pkg/notifications/notifier.go:79.48,86.20 4 11
github.com/containrrr/watchtower/pkg/notifications/notifier.go:92.2,92.8 1 11
github.com/containrrr/watchtower/pkg/notifications/notifier.go:86.20,88.3 1 0
github.com/containrrr/watchtower/pkg/notifications/notifier.go:88.8,88.55 1 11
github.com/containrrr/watchtower/pkg/notifications/notifier.go:88.55,90.3 1 11
github.com/containrrr/watchtower/pkg/notifications/shoutrrr.go:52.35,54.20 2 0
github.com/containrrr/watchtower/pkg/notifications/shoutrrr.go:57.2,57.24 1 0
github.com/containrrr/watchtower/pkg/notifications/shoutrrr.go:54.20,56.3 1 0
github.com/containrrr/watchtower/pkg/notifications/shoutrrr.go:60.52,62.27 2 1
github.com/containrrr/watchtower/pkg/notifications/shoutrrr.go:65.2,65.14 1 1
github.com/containrrr/watchtower/pkg/notifications/shoutrrr.go:62.27,64.3 1 0
github.com/containrrr/watchtower/pkg/notifications/shoutrrr.go:68.115,77.2 4 1
github.com/containrrr/watchtower/pkg/notifications/shoutrrr.go:79.108,81.16 2 2
github.com/containrrr/watchtower/pkg/notifications/shoutrrr.go:85.2,87.16 3 2
github.com/containrrr/watchtower/pkg/notifications/shoutrrr.go:91.2,99.3 1 2
github.com/containrrr/watchtower/pkg/notifications/shoutrrr.go:81.16,83.3 1 0
github.com/containrrr/watchtower/pkg/notifications/shoutrrr.go:87.16,89.3 1 0
github.com/containrrr/watchtower/pkg/notifications/shoutrrr.go:102.49,103.30 1 3
github.com/containrrr/watchtower/pkg/notifications/shoutrrr.go:115.2,115.16 1 1
github.com/containrrr/watchtower/pkg/notifications/shoutrrr.go:103.30,106.28 2 2
github.com/containrrr/watchtower/pkg/notifications/shoutrrr.go:106.28,107.18 1 0
github.com/containrrr/watchtower/pkg/notifications/shoutrrr.go:107.18,111.5 2 0
github.com/containrrr/watchtower/pkg/notifications/shoutrrr.go:118.63,121.22 3 11
github.com/containrrr/watchtower/pkg/notifications/shoutrrr.go:124.2,124.64 1 11
github.com/containrrr/watchtower/pkg/notifications/shoutrrr.go:128.2,128.22 1 11
github.com/containrrr/watchtower/pkg/notifications/shoutrrr.go:121.22,123.3 1 9
github.com/containrrr/watchtower/pkg/notifications/shoutrrr.go:124.64,126.3 1 0
github.com/containrrr/watchtower/pkg/notifications/shoutrrr.go:131.83,134.2 2 2
github.com/containrrr/watchtower/pkg/notifications/shoutrrr.go:136.52,137.22 1 2
github.com/containrrr/watchtower/pkg/notifications/shoutrrr.go:137.22,139.3 1 2
github.com/containrrr/watchtower/pkg/notifications/shoutrrr.go:142.66,149.2 2 2
github.com/containrrr/watchtower/pkg/notifications/shoutrrr.go:151.40,158.2 3 1
github.com/containrrr/watchtower/pkg/notifications/shoutrrr.go:160.53,162.2 1 1
github.com/containrrr/watchtower/pkg/notifications/shoutrrr.go:164.61,165.22 1 2
github.com/containrrr/watchtower/pkg/notifications/shoutrrr.go:171.2,171.12 1 2
github.com/containrrr/watchtower/pkg/notifications/shoutrrr.go:165.22,167.3 1 2
github.com/containrrr/watchtower/pkg/notifications/shoutrrr.go:167.8,170.3 1 0
github.com/containrrr/watchtower/pkg/notifications/shoutrrr.go:174.93,184.21 3 12
github.com/containrrr/watchtower/pkg/notifications/shoutrrr.go:192.2,192.35 1 12
github.com/containrrr/watchtower/pkg/notifications/shoutrrr.go:201.2,201.8 1 12
github.com/containrrr/watchtower/pkg/notifications/shoutrrr.go:184.21,186.3 1 5
github.com/containrrr/watchtower/pkg/notifications/shoutrrr.go:192.35,194.13 2 8
github.com/containrrr/watchtower/pkg/notifications/shoutrrr.go:198.3,198.54 1 8
github.com/containrrr/watchtower/pkg/notifications/shoutrrr.go:194.13,196.4 1 6
github.com/containrrr/watchtower/pkg/notifications/slack.go:23.94,25.2 1 0
github.com/containrrr/watchtower/pkg/notifications/slack.go:27.94,47.2 8 3
github.com/containrrr/watchtower/pkg/notifications/slack.go:49.70,54.63 4 3
github.com/containrrr/watchtower/pkg/notifications/slack.go:67.2,77.36 4 1
github.com/containrrr/watchtower/pkg/notifications/slack.go:54.63,65.3 3 2
github.com/containrrr/watchtower/pkg/notifications/email.go:29.94,31.2 1 0
github.com/containrrr/watchtower/pkg/notifications/email.go:33.94,61.2 12 2
github.com/containrrr/watchtower/pkg/notifications/email.go:63.70,79.21 2 2
github.com/containrrr/watchtower/pkg/notifications/email.go:83.2,83.21 1 2
github.com/containrrr/watchtower/pkg/notifications/email.go:87.2,87.36 1 2
github.com/containrrr/watchtower/pkg/notifications/email.go:79.21,81.3 1 2
github.com/containrrr/watchtower/pkg/notifications/email.go:83.21,85.3 1 0
github.com/containrrr/watchtower/pkg/notifications/email.go:90.65,93.24 2 2
github.com/containrrr/watchtower/pkg/notifications/email.go:97.2,97.16 1 2
github.com/containrrr/watchtower/pkg/notifications/email.go:93.24,95.3 1 0
github.com/containrrr/watchtower/pkg/notifications/gotify.go:26.84,28.2 1 0
github.com/containrrr/watchtower/pkg/notifications/gotify.go:30.84,46.2 6 1
github.com/containrrr/watchtower/pkg/notifications/gotify.go:48.50,50.26 2 1
github.com/containrrr/watchtower/pkg/notifications/gotify.go:53.2,53.20 1 1
github.com/containrrr/watchtower/pkg/notifications/gotify.go:50.26,52.3 1 0
github.com/containrrr/watchtower/pkg/notifications/gotify.go:56.48,59.24 2 1
github.com/containrrr/watchtower/pkg/notifications/gotify.go:67.2,67.18 1 1
github.com/containrrr/watchtower/pkg/notifications/gotify.go:59.24,61.3 1 0
github.com/containrrr/watchtower/pkg/notifications/gotify.go:61.8,61.99 1 1
github.com/containrrr/watchtower/pkg/notifications/gotify.go:61.99,63.3 1 0
github.com/containrrr/watchtower/pkg/notifications/gotify.go:63.8,63.52 1 1
github.com/containrrr/watchtower/pkg/notifications/gotify.go:63.52,65.3 1 0
github.com/containrrr/watchtower/pkg/notifications/gotify.go:70.71,72.16 2 1
github.com/containrrr/watchtower/pkg/notifications/gotify.go:76.2,84.38 2 1
github.com/containrrr/watchtower/pkg/notifications/gotify.go:72.16,74.3 1 0
github.com/containrrr/watchtower/pkg/notifications/msteams.go:22.98,24.2 1 0
github.com/containrrr/watchtower/pkg/notifications/msteams.go:26.98,31.26 3 1
github.com/containrrr/watchtower/pkg/notifications/msteams.go:35.2,42.10 3 1
github.com/containrrr/watchtower/pkg/notifications/msteams.go:31.26,33.3 1 0
github.com/containrrr/watchtower/pkg/notifications/msteams.go:45.72,47.16 2 1
github.com/containrrr/watchtower/pkg/notifications/msteams.go:51.2,52.16 2 1
github.com/containrrr/watchtower/pkg/notifications/msteams.go:56.2,59.38 3 1
github.com/containrrr/watchtower/pkg/notifications/msteams.go:47.16,49.3 1 0
github.com/containrrr/watchtower/pkg/notifications/msteams.go:52.16,54.3 1 0
